<?xml version="1.0" encoding="UTF-8"?>
<testsuite xmlns:xsi="http://www.w3.org/2001/XMLSchema-instance" xsi:noNamespaceSchemaLocation="https://maven.apache.org/surefire/maven-surefire-plugin/xsd/surefire-test-report-3.0.xsd" version="3.0" name="TestSuite" time="30.724" tests="3" errors="0" skipped="0" failures="0">
  <properties>
    <property name="gopherProxySet" value="false"/>
    <property name="awt.toolkit" value="sun.lwawt.macosx.LWCToolkit"/>
    <property name="java.specification.version" value="10"/>
    <property name="file.encoding.pkg" value="sun.io"/>
    <property name="sun.cpu.isalist" value=""/>
    <property name="sun.jnu.encoding" value="UTF-8"/>
    <property name="java.class.path" value="/Users/joyshen/eclipse-workspace/MlsAutomation/target/test-classes:/Users/joyshen/eclipse-workspace/MlsAutomation/target/classes:/Users/joyshen/.m2/repository/org/seleniumhq/selenium/selenium-java/3.12.0/selenium-java-3.12.0.jar:/Users/joyshen/.m2/repository/org/seleniumhq/selenium/selenium-api/3.12.0/selenium-api-3.12.0.jar:/Users/joyshen/.m2/repository/org/seleniumhq/selenium/selenium-chrome-driver/3.12.0/selenium-chrome-driver-3.12.0.jar:/Users/joyshen/.m2/repository/org/seleniumhq/selenium/selenium-edge-driver/3.12.0/selenium-edge-driver-3.12.0.jar:/Users/joyshen/.m2/repository/org/seleniumhq/selenium/selenium-firefox-driver/3.12.0/selenium-firefox-driver-3.12.0.jar:/Users/joyshen/.m2/repository/org/seleniumhq/selenium/selenium-ie-driver/3.12.0/selenium-ie-driver-3.12.0.jar:/Users/joyshen/.m2/repository/org/seleniumhq/selenium/selenium-opera-driver/3.12.0/selenium-opera-driver-3.12.0.jar:/Users/joyshen/.m2/repository/org/seleniumhq/selenium/selenium-remote-driver/3.12.0/selenium-remote-driver-3.12.0.jar:/Users/joyshen/.m2/repository/org/seleniumhq/selenium/selenium-safari-driver/3.12.0/selenium-safari-driver-3.12.0.jar:/Users/joyshen/.m2/repository/org/seleniumhq/selenium/selenium-support/3.12.0/selenium-support-3.12.0.jar:/Users/joyshen/.m2/repository/net/bytebuddy/byte-buddy/1.8.3/byte-buddy-1.8.3.jar:/Users/joyshen/.m2/repository/org/apache/commons/commons-exec/1.3/commons-exec-1.3.jar:/Users/joyshen/.m2/repository/commons-codec/commons-codec/1.10/commons-codec-1.10.jar:/Users/joyshen/.m2/repository/commons-logging/commons-logging/1.2/commons-logging-1.2.jar:/Users/joyshen/.m2/repository/com/google/code/gson/gson/2.8.2/gson-2.8.2.jar:/Users/joyshen/.m2/repository/com/google/guava/guava/23.6-jre/guava-23.6-jre.jar:/Users/joyshen/.m2/repository/com/google/code/findbugs/jsr305/1.3.9/jsr305-1.3.9.jar:/Users/joyshen/.m2/repository/org/checkerframework/checker-compat-qual/2.0.0/checker-compat-qual-2.0.0.jar:/Users/joyshen/.m2/repository/com/google/errorprone/error_prone_annotations/2.1.3/error_prone_annotations-2.1.3.jar:/Users/joyshen/.m2/repository/com/google/j2objc/j2objc-annotations/1.1/j2objc-annotations-1.1.jar:/Users/joyshen/.m2/repository/org/codehaus/mojo/animal-sniffer-annotations/1.14/animal-sniffer-annotations-1.14.jar:/Users/joyshen/.m2/repository/org/apache/httpcomponents/httpclient/4.5.3/httpclient-4.5.3.jar:/Users/joyshen/.m2/repository/org/apache/httpcomponents/httpcore/4.4.6/httpcore-4.4.6.jar:/Users/joyshen/.m2/repository/com/squareup/okhttp3/okhttp/3.9.1/okhttp-3.9.1.jar:/Users/joyshen/.m2/repository/com/squareup/okio/okio/1.13.0/okio-1.13.0.jar:/Users/joyshen/.m2/repository/org/uncommons/reportng/1.1.4/reportng-1.1.4.jar:/Users/joyshen/.m2/repository/velocity/velocity/1.4/velocity-1.4.jar:/Users/joyshen/.m2/repository/velocity/velocity-dep/1.4/velocity-dep-1.4.jar:/Users/joyshen/.m2/repository/javax/mail/mail/1.4.7/mail-1.4.7.jar:/Users/joyshen/.m2/repository/javax/activation/activation/1.1/activation-1.1.jar:/Users/joyshen/.m2/repository/com/google/inject/guice/4.2.2/guice-4.2.2.jar:/Users/joyshen/.m2/repository/javax/inject/javax.inject/1/javax.inject-1.jar:/Users/joyshen/.m2/repository/aopalliance/aopalliance/1.0/aopalliance-1.0.jar:/Users/joyshen/.m2/repository/com/aventstack/extentreports/3.1.2/extentreports-3.1.2.jar:/Users/joyshen/.m2/repository/org/freemarker/freemarker/2.3.23/freemarker-2.3.23.jar:/Users/joyshen/.m2/repository/org/mongodb/mongodb-driver/3.3.0/mongodb-driver-3.3.0.jar:/Users/joyshen/.m2/repository/org/mongodb/bson/3.3.0/bson-3.3.0.jar:/Users/joyshen/.m2/repository/org/mongodb/mongodb-driver-core/3.3.0/mongodb-driver-core-3.3.0.jar:/Users/joyshen/.m2/repository/org/apache/httpcomponents/httpmime/4.5.2/httpmime-4.5.2.jar:/Users/joyshen/.m2/repository/org/jsoup/jsoup/1.9.2/jsoup-1.9.2.jar:/Users/joyshen/.m2/repository/org/testng/testng/6.9.5/testng-6.9.5.jar:/Users/joyshen/.m2/repository/junit/junit/4.10/junit-4.10.jar:/Users/joyshen/.m2/repository/org/hamcrest/hamcrest-core/1.1/hamcrest-core-1.1.jar:/Users/joyshen/.m2/repository/com/beust/jcommander/1.48/jcommander-1.48.jar:/Users/joyshen/.m2/repository/org/apache/ant/ant/1.7.0/ant-1.7.0.jar:/Users/joyshen/.m2/repository/org/apache/ant/ant-launcher/1.7.0/ant-launcher-1.7.0.jar:/Users/joyshen/.m2/repository/com/google/inject/guice/4.0/guice-4.0-no_aop.jar:/Users/joyshen/.m2/repository/org/yaml/snakeyaml/1.15/snakeyaml-1.15.jar:/Users/joyshen/.m2/repository/org/beanshell/bsh/2.0b4/bsh-2.0b4.jar:/Users/joyshen/.m2/repository/org/apache/poi/poi/4.1.0/poi-4.1.0.jar:/Users/joyshen/.m2/repository/org/apache/commons/commons-collections4/4.3/commons-collections4-4.3.jar:/Users/joyshen/.m2/repository/org/apache/commons/commons-math3/3.6.1/commons-math3-3.6.1.jar:/Users/joyshen/.m2/repository/org/apache/poi/poi-ooxml/4.1.0/poi-ooxml-4.1.0.jar:/Users/joyshen/.m2/repository/org/apache/poi/poi-ooxml-schemas/4.1.0/poi-ooxml-schemas-4.1.0.jar:/Users/joyshen/.m2/repository/org/apache/xmlbeans/xmlbeans/3.1.0/xmlbeans-3.1.0.jar:/Users/joyshen/.m2/repository/org/apache/commons/commons-compress/1.18/commons-compress-1.18.jar:/Users/joyshen/.m2/repository/com/github/virtuald/curvesapi/1.06/curvesapi-1.06.jar:/Users/joyshen/.m2/repository/log4j/log4j/1.2.15/log4j-1.2.15.jar:/Users/joyshen/.m2/repository/org/apache/logging/log4j/log4j-core/2.12.0/log4j-core-2.12.0.jar:/Users/joyshen/.m2/repository/org/apache/logging/log4j/log4j-api/2.12.0/log4j-api-2.12.0.jar:"/>
    <property name="java.vm.vendor" value="&quot;Oracle Corporation&quot;"/>
    <property name="sun.arch.data.model" value="64"/>
    <property name="java.vendor.url" value="http://java.oracle.com/"/>
    <property name="user.timezone" value=""/>
    <property name="java.vm.specification.version" value="10"/>
    <property name="os.name" value="Mac OS X"/>
    <property name="sun.java.launcher" value="SUN_STANDARD"/>
    <property name="user.country" value="TW"/>
    <property name="sun.boot.library.path" value="/Library/Java/JavaVirtualMachines/jdk-10.0.1.jdk/Contents/Home/lib"/>
    <property name="sun.java.command" value="/Users/joyshen/eclipse-workspace/MlsAutomation/target/surefire/surefirebooter10176312369253631265.jar /Users/joyshen/eclipse-workspace/MlsAutomation/target/surefire 2019-08-27T14-54-46_820-jvmRun1 surefire99984786394501596tmp surefire_0326274026610401285tmp"/>
    <property name="http.nonProxyHosts" value="local|*.local|169.254/16|*.169.254/16"/>
    <property name="jdk.debug" value="release"/>
    <property name="surefire.test.class.path" value="/Users/joyshen/eclipse-workspace/MlsAutomation/target/test-classes:/Users/joyshen/eclipse-workspace/MlsAutomation/target/classes:/Users/joyshen/.m2/repository/org/seleniumhq/selenium/selenium-java/3.12.0/selenium-java-3.12.0.jar:/Users/joyshen/.m2/repository/org/seleniumhq/selenium/selenium-api/3.12.0/selenium-api-3.12.0.jar:/Users/joyshen/.m2/repository/org/seleniumhq/selenium/selenium-chrome-driver/3.12.0/selenium-chrome-driver-3.12.0.jar:/Users/joyshen/.m2/repository/org/seleniumhq/selenium/selenium-edge-driver/3.12.0/selenium-edge-driver-3.12.0.jar:/Users/joyshen/.m2/repository/org/seleniumhq/selenium/selenium-firefox-driver/3.12.0/selenium-firefox-driver-3.12.0.jar:/Users/joyshen/.m2/repository/org/seleniumhq/selenium/selenium-ie-driver/3.12.0/selenium-ie-driver-3.12.0.jar:/Users/joyshen/.m2/repository/org/seleniumhq/selenium/selenium-opera-driver/3.12.0/selenium-opera-driver-3.12.0.jar:/Users/joyshen/.m2/repository/org/seleniumhq/selenium/selenium-remote-driver/3.12.0/selenium-remote-driver-3.12.0.jar:/Users/joyshen/.m2/repository/org/seleniumhq/selenium/selenium-safari-driver/3.12.0/selenium-safari-driver-3.12.0.jar:/Users/joyshen/.m2/repository/org/seleniumhq/selenium/selenium-support/3.12.0/selenium-support-3.12.0.jar:/Users/joyshen/.m2/repository/net/bytebuddy/byte-buddy/1.8.3/byte-buddy-1.8.3.jar:/Users/joyshen/.m2/repository/org/apache/commons/commons-exec/1.3/commons-exec-1.3.jar:/Users/joyshen/.m2/repository/commons-codec/commons-codec/1.10/commons-codec-1.10.jar:/Users/joyshen/.m2/repository/commons-logging/commons-logging/1.2/commons-logging-1.2.jar:/Users/joyshen/.m2/repository/com/google/code/gson/gson/2.8.2/gson-2.8.2.jar:/Users/joyshen/.m2/repository/com/google/guava/guava/23.6-jre/guava-23.6-jre.jar:/Users/joyshen/.m2/repository/com/google/code/findbugs/jsr305/1.3.9/jsr305-1.3.9.jar:/Users/joyshen/.m2/repository/org/checkerframework/checker-compat-qual/2.0.0/checker-compat-qual-2.0.0.jar:/Users/joyshen/.m2/repository/com/google/errorprone/error_prone_annotations/2.1.3/error_prone_annotations-2.1.3.jar:/Users/joyshen/.m2/repository/com/google/j2objc/j2objc-annotations/1.1/j2objc-annotations-1.1.jar:/Users/joyshen/.m2/repository/org/codehaus/mojo/animal-sniffer-annotations/1.14/animal-sniffer-annotations-1.14.jar:/Users/joyshen/.m2/repository/org/apache/httpcomponents/httpclient/4.5.3/httpclient-4.5.3.jar:/Users/joyshen/.m2/repository/org/apache/httpcomponents/httpcore/4.4.6/httpcore-4.4.6.jar:/Users/joyshen/.m2/repository/com/squareup/okhttp3/okhttp/3.9.1/okhttp-3.9.1.jar:/Users/joyshen/.m2/repository/com/squareup/okio/okio/1.13.0/okio-1.13.0.jar:/Users/joyshen/.m2/repository/org/uncommons/reportng/1.1.4/reportng-1.1.4.jar:/Users/joyshen/.m2/repository/velocity/velocity/1.4/velocity-1.4.jar:/Users/joyshen/.m2/repository/velocity/velocity-dep/1.4/velocity-dep-1.4.jar:/Users/joyshen/.m2/repository/javax/mail/mail/1.4.7/mail-1.4.7.jar:/Users/joyshen/.m2/repository/javax/activation/activation/1.1/activation-1.1.jar:/Users/joyshen/.m2/repository/com/google/inject/guice/4.2.2/guice-4.2.2.jar:/Users/joyshen/.m2/repository/javax/inject/javax.inject/1/javax.inject-1.jar:/Users/joyshen/.m2/repository/aopalliance/aopalliance/1.0/aopalliance-1.0.jar:/Users/joyshen/.m2/repository/com/aventstack/extentreports/3.1.2/extentreports-3.1.2.jar:/Users/joyshen/.m2/repository/org/freemarker/freemarker/2.3.23/freemarker-2.3.23.jar:/Users/joyshen/.m2/repository/org/mongodb/mongodb-driver/3.3.0/mongodb-driver-3.3.0.jar:/Users/joyshen/.m2/repository/org/mongodb/bson/3.3.0/bson-3.3.0.jar:/Users/joyshen/.m2/repository/org/mongodb/mongodb-driver-core/3.3.0/mongodb-driver-core-3.3.0.jar:/Users/joyshen/.m2/repository/org/apache/httpcomponents/httpmime/4.5.2/httpmime-4.5.2.jar:/Users/joyshen/.m2/repository/org/jsoup/jsoup/1.9.2/jsoup-1.9.2.jar:/Users/joyshen/.m2/repository/org/testng/testng/6.9.5/testng-6.9.5.jar:/Users/joyshen/.m2/repository/junit/junit/4.10/junit-4.10.jar:/Users/joyshen/.m2/repository/org/hamcrest/hamcrest-core/1.1/hamcrest-core-1.1.jar:/Users/joyshen/.m2/repository/com/beust/jcommander/1.48/jcommander-1.48.jar:/Users/joyshen/.m2/repository/org/apache/ant/ant/1.7.0/ant-1.7.0.jar:/Users/joyshen/.m2/repository/org/apache/ant/ant-launcher/1.7.0/ant-launcher-1.7.0.jar:/Users/joyshen/.m2/repository/com/google/inject/guice/4.0/guice-4.0-no_aop.jar:/Users/joyshen/.m2/repository/org/yaml/snakeyaml/1.15/snakeyaml-1.15.jar:/Users/joyshen/.m2/repository/org/beanshell/bsh/2.0b4/bsh-2.0b4.jar:/Users/joyshen/.m2/repository/org/apache/poi/poi/4.1.0/poi-4.1.0.jar:/Users/joyshen/.m2/repository/org/apache/commons/commons-collections4/4.3/commons-collections4-4.3.jar:/Users/joyshen/.m2/repository/org/apache/commons/commons-math3/3.6.1/commons-math3-3.6.1.jar:/Users/joyshen/.m2/repository/org/apache/poi/poi-ooxml/4.1.0/poi-ooxml-4.1.0.jar:/Users/joyshen/.m2/repository/org/apache/poi/poi-ooxml-schemas/4.1.0/poi-ooxml-schemas-4.1.0.jar:/Users/joyshen/.m2/repository/org/apache/xmlbeans/xmlbeans/3.1.0/xmlbeans-3.1.0.jar:/Users/joyshen/.m2/repository/org/apache/commons/commons-compress/1.18/commons-compress-1.18.jar:/Users/joyshen/.m2/repository/com/github/virtuald/curvesapi/1.06/curvesapi-1.06.jar:/Users/joyshen/.m2/repository/log4j/log4j/1.2.15/log4j-1.2.15.jar:/Users/joyshen/.m2/repository/org/apache/logging/log4j/log4j-core/2.12.0/log4j-core-2.12.0.jar:/Users/joyshen/.m2/repository/org/apache/logging/log4j/log4j-api/2.12.0/log4j-api-2.12.0.jar:"/>
    <property name="sun.cpu.endian" value="little"/>
    <property name="user.home" value="/Users/joyshen"/>
    <property name="user.language" value="zh"/>
    <property name="java.specification.vendor" value="Oracle Corporation"/>
    <property name="java.version.date" value="2018-04-17"/>
    <property name="java.home" value="/Library/Java/JavaVirtualMachines/jdk-10.0.1.jdk/Contents/Home"/>
    <property name="file.separator" value="/"/>
    <property name="basedir" value="/Users/joyshen/eclipse-workspace/MlsAutomation"/>
    <property name="java.vm.compressedOopsMode" value="Zero based"/>
    <property name="line.separator" value="&#10;"/>
    <property name="java.specification.name" value="Java Platform API Specification"/>
    <property name="java.vm.specification.vendor" value="Oracle Corporation"/>
    <property name="java.awt.graphicsenv" value="sun.awt.CGraphicsEnvironment"/>
    <property name="surefire.real.class.path" value="/Users/joyshen/eclipse-workspace/MlsAutomation/target/surefire/surefirebooter10176312369253631265.jar"/>
    <property name="user.script" value="Hant"/>
    <property name="sun.management.compiler" value="HotSpot 64-Bit Tiered Compilers"/>
    <property name="ftp.nonProxyHosts" value="local|*.local|169.254/16|*.169.254/16"/>
    <property name="java.runtime.version" value="10.0.1+10"/>
    <property name="user.name" value="joyshen"/>
    <property name="path.separator" value=":"/>
    <property name="os.version" value="10.14.6"/>
    <property name="java.runtime.name" value="Java(TM) SE Runtime Environment"/>
    <property name="file.encoding" value="UTF-8"/>
    <property name="java.vm.name" value="Java HotSpot(TM) 64-Bit Server VM"/>
    <property name="java.vendor.version" value="18.3"/>
    <property name="localRepository" value="/Users/joyshen/.m2/repository"/>
    <property name="java.vendor.url.bug" value="http://bugreport.java.com/bugreport/"/>
    <property name="java.io.tmpdir" value="/var/folders/5m/yxy458kd7zj1t7mlzl3y863h0000gn/T/"/>
    <property name="java.version" value="10.0.1"/>
    <property name="user.dir" value="/Users/joyshen/eclipse-workspace/MlsAutomation/target"/>
    <property name="os.arch" value="x86_64"/>
    <property name="java.vm.specification.name" value="Java Virtual Machine Specification"/>
    <property name="java.awt.printerjob" value="sun.lwawt.macosx.CPrinterJob"/>
    <property name="sun.os.patch.level" value="unknown"/>
    <property name="java.library.path" value="/Users/joyshen/Library/Java/Extensions:/Library/Java/Extensions:/Network/Library/Java/Extensions:/System/Library/Java/Extensions:/usr/lib/java:."/>
    <property name="java.vendor" value="Oracle Corporation"/>
    <property name="java.vm.info" value="mixed mode"/>
    <property name="java.vm.version" value="10.0.1+10"/>
    <property name="sun.io.unicode.encoding" value="UnicodeBig"/>
    <property name="java.class.version" value="54.0"/>
    <property name="socksNonProxyHosts" value="local|*.local|169.254/16|*.169.254/16"/>
  </properties>
  <testcase name="validLoginTest" classname="cases.MultiBrowserTest" time="8.384"/>
  <testcase name="validLoginTest" classname="cases.MultiBrowserTest" time="8.32"/>
  <testcase name="validLoginTest" classname="cases.AccountLoginTest" time="9.88"/>
</testsuite>