<?xml version="1.0" encoding="UTF-8"?>
<!-- Generated by org.testng.reporters.JUnitReportReporter -->
<testsuite hostname="joy-MacBook-Pro.local" failures="0" tests="1" name="cases.AccountLogoutTest" time="13.434" errors="0" timestamp="11 Nov 2019 05:57:44 GMT">
  <testcase classname="cases.AccountLogoutTest" name="validLoginTest" time="13.434"/>
</testsuite> <!-- cases.AccountLogoutTest -->
